<?xml version="1.0" encoding="UTF-8"?>
<!-- Generated by org.testng.reporters.JUnitReportReporter -->
<testsuite hostname="HN-SD-0131-WK" name="test.testcases.AgsTms.LogTms" tests="1" failures="1" timestamp="9 Mar 2018 09:06:38 GMT" time="14.910" errors="0">
  <testcase name="OpenTmsPage" time="14.910" classname="test.testcases.AgsTms.LogTms">
    <failure type="org.openqa.selenium.WebDriverException" message="unknown error: Element &lt;iframe id=&quot;mainFrame&quot; name=&quot;mainFrame&quot; src=&quot;ags_blank.aspx&quot; style=&quot;width: 100%; height: 552px;&quot; marginheight=&quot;1&quot; marginwidth=&quot;1&quot; scrolling=&quot;yes&quot; frameborder=&quot;0&quot; cd_frame_id_=&quot;93e46bd42bc86020028079df7c76f591&quot;&gt;...&lt;/iframe&gt; is not clickable at point (697, 282). Other element would receive the click: &lt;iframe frameborder=&quot;0&quot; src=&quot;/timesheet/ts_edit.aspx?Mode=Add&amp;amp;Resource=TAILET&amp;amp;Project=SD10000PROJTRAINING&amp;amp;Activity=&amp;amp;Date=43164&amp;amp;FromTimesheetEntry=-1&amp;amp;WindowMode=Popup&quot; style=&quot;width: 100%; height: 100%; overflow-y: hidden; overflow-x: auto;&quot; cd_frame_id_=&quot;68e16697066b5e0ac3975c07fd7fd138&quot;&gt;&lt;/iframe&gt;
  (Session info: chrome=64.0.3282.186)
  (Driver info: chromedriver=2.35.528161 (5b82f2d2aae0ca24b877009200ced9065a772e73),platform=Windows NT 10.0.15063 x86_64) (WARNING: The server did not provide any stacktrace information)
Command duration or timeout: 57 milliseconds
Build info: version: &#039;3.4.0&#039;, revision: &#039;unknown&#039;, time: &#039;unknown&#039;
System info: host: &#039;HN-SD-0131-WK&#039;, ip: &#039;192.168.204.2&#039;, os.name: &#039;Windows 10&#039;, os.arch: &#039;amd64&#039;, os.version: &#039;10.0&#039;, java.version: &#039;1.8.0_144&#039;
Driver info: org.openqa.selenium.chrome.ChromeDriver
Capabilities [{applicationCacheEnabled=false, rotatable=false, mobileEmulationEnabled=false, networkConnectionEnabled=false, chrome={chromedriverVersion=2.35.528161 (5b82f2d2aae0ca24b877009200ced9065a772e73), userDataDir=C:\Users\tailet\AppData\Local\Temp\scoped_dir14536_16081}, takesHeapSnapshot=true, pageLoadStrategy=normal, databaseEnabled=false, handlesAlerts=true, hasTouchScreen=false, version=64.0.3282.186, platform=XP, browserConnectionEnabled=false, nativeEvents=true, acceptSslCerts=false, acceptInsecureCerts=false, locationContextEnabled=true, webStorageEnabled=true, browserName=chrome, takesScreenshot=true, javascriptEnabled=true, cssSelectorsEnabled=true, setWindowRect=true, unexpectedAlertBehaviour=}]
Session ID: fb316b2269d6f5b1704dc64866664226">
      <![CDATA[org.openqa.selenium.WebDriverException: unknown error: Element <iframe id="mainFrame" name="mainFrame" src="ags_blank.aspx" style="width: 100%; height: 552px;" marginheight="1" marginwidth="1" scrolling="yes" frameborder="0" cd_frame_id_="93e46bd42bc86020028079df7c76f591">...</iframe> is not clickable at point (697, 282). Other element would receive the click: <iframe frameborder="0" src="/timesheet/ts_edit.aspx?Mode=Add&amp;Resource=TAILET&amp;Project=SD10000PROJTRAINING&amp;Activity=&amp;Date=43164&amp;FromTimesheetEntry=-1&amp;WindowMode=Popup" style="width: 100%; height: 100%; overflow-y: hidden; overflow-x: auto;" cd_frame_id_="68e16697066b5e0ac3975c07fd7fd138"></iframe>
  (Session info: chrome=64.0.3282.186)
  (Driver info: chromedriver=2.35.528161 (5b82f2d2aae0ca24b877009200ced9065a772e73),platform=Windows NT 10.0.15063 x86_64) (WARNING: The server did not provide any stacktrace information)
Command duration or timeout: 57 milliseconds
Build info: version: '3.4.0', revision: 'unknown', time: 'unknown'
System info: host: 'HN-SD-0131-WK', ip: '192.168.204.2', os.name: 'Windows 10', os.arch: 'amd64', os.version: '10.0', java.version: '1.8.0_144'
Driver info: org.openqa.selenium.chrome.ChromeDriver
Capabilities [{applicationCacheEnabled=false, rotatable=false, mobileEmulationEnabled=false, networkConnectionEnabled=false, chrome={chromedriverVersion=2.35.528161 (5b82f2d2aae0ca24b877009200ced9065a772e73), userDataDir=C:\Users\tailet\AppData\Local\Temp\scoped_dir14536_16081}, takesHeapSnapshot=true, pageLoadStrategy=normal, databaseEnabled=false, handlesAlerts=true, hasTouchScreen=false, version=64.0.3282.186, platform=XP, browserConnectionEnabled=false, nativeEvents=true, acceptSslCerts=false, acceptInsecureCerts=false, locationContextEnabled=true, webStorageEnabled=true, browserName=chrome, takesScreenshot=true, javascriptEnabled=true, cssSelectorsEnabled=true, setWindowRect=true, unexpectedAlertBehaviour=}]
Session ID: fb316b2269d6f5b1704dc64866664226
	at sun.reflect.NativeConstructorAccessorImpl.newInstance0(Native Method)
	at sun.reflect.NativeConstructorAccessorImpl.newInstance(Unknown Source)
	at sun.reflect.DelegatingConstructorAccessorImpl.newInstance(Unknown Source)
	at java.lang.reflect.Constructor.newInstance(Unknown Source)
	at org.openqa.selenium.remote.ErrorHandler.createThrowable(ErrorHandler.java:215)
	at org.openqa.selenium.remote.ErrorHandler.throwIfResponseFailed(ErrorHandler.java:167)
	at org.openqa.selenium.remote.RemoteWebDriver.execute(RemoteWebDriver.java:671)
	at org.openqa.selenium.remote.RemoteWebElement.execute(RemoteWebElement.java:272)
	at org.openqa.selenium.remote.RemoteWebElement.click(RemoteWebElement.java:82)
	at com.nashtech.core.web.WebDriverMethod.click(WebDriverMethod.java:619)
	at test.page.objects.AgsPage.inputTms(AgsPage.java:56)
	at test.testcases.AgsTms.LogTms.OpenTmsPage(LogTms.java:28)
	at sun.reflect.NativeMethodAccessorImpl.invoke0(Native Method)
	at sun.reflect.NativeMethodAccessorImpl.invoke(Unknown Source)
	at sun.reflect.DelegatingMethodAccessorImpl.invoke(Unknown Source)
	at java.lang.reflect.Method.invoke(Unknown Source)
	at org.testng.internal.MethodInvocationHelper.invokeMethod(MethodInvocationHelper.java:84)
	at org.testng.internal.Invoker.invokeMethod(Invoker.java:714)
	at org.testng.internal.Invoker.invokeTestMethod(Invoker.java:901)
	at org.testng.internal.Invoker.invokeTestMethods(Invoker.java:1231)
	at org.testng.internal.TestMethodWorker.invokeTestMethods(TestMethodWorker.java:127)
	at org.testng.internal.TestMethodWorker.run(TestMethodWorker.java:111)
	at org.testng.TestRunner.privateRun(TestRunner.java:767)
	at org.testng.TestRunner.run(TestRunner.java:617)
	at org.testng.SuiteRunner.runTest(SuiteRunner.java:334)
	at org.testng.SuiteRunner.runSequentially(SuiteRunner.java:329)
	at org.testng.SuiteRunner.privateRun(SuiteRunner.java:291)
	at org.testng.SuiteRunner.run(SuiteRunner.java:240)
	at org.testng.SuiteRunnerWorker.runSuite(SuiteRunnerWorker.java:52)
	at org.testng.SuiteRunnerWorker.run(SuiteRunnerWorker.java:86)
	at org.testng.TestNG.runSuitesSequentially(TestNG.java:1224)
	at org.testng.TestNG.runSuitesLocally(TestNG.java:1149)
	at org.testng.TestNG.run(TestNG.java:1057)
	at org.testng.remote.AbstractRemoteTestNG.run(AbstractRemoteTestNG.java:114)
	at org.testng.remote.RemoteTestNG.initAndRun(RemoteTestNG.java:251)
	at org.testng.remote.RemoteTestNG.main(RemoteTestNG.java:77)
]]>
    </failure>
  </testcase> <!-- OpenTmsPage -->
</testsuite> <!-- test.testcases.AgsTms.LogTms -->
