<?xml version="1.0" encoding="UTF-8"?>
<!-- Generated by org.testng.reporters.JUnitReportReporter -->
<testsuite hostname="HN-SD-0131-WK" name="test.testcases.ApolloPVAPMEA.CheckProductDetail" tests="19" failures="2" timestamp="6 Mar 2018 09:57:15 GMT" time="295.047" errors="1">
  <testcase name="VerifyRTBDisclaimerAPMEA" time="42.532" classname="test.testcases.ApolloPVAPMEA.CheckProductDetail"/>
  <testcase name="VerifyMatchTyreSize" time="0.990" classname="test.testcases.ApolloPVAPMEA.CheckProductDetail"/>
  <testcase name="loginFacebookPopAndShare" time="20.815" classname="test.testcases.ApolloPVAPMEA.CheckProductDetail"/>
  <testcase name="goToSpec" time="0.452" classname="test.testcases.ApolloPVAPMEA.CheckProductDetail"/>
  <testcase name="verifyOnFBAccount" time="13.052" classname="test.testcases.ApolloPVAPMEA.CheckProductDetail"/>
  <testcase name="CheckAllValueDetailPage" time="42.645" classname="test.testcases.ApolloPVAPMEA.CheckProductDetail"/>
  <testcase name="CheckProdImage" time="3.337" classname="test.testcases.ApolloPVAPMEA.CheckProductDetail"/>
  <testcase name="OpenFindStorePage" time="9.308" classname="test.testcases.ApolloPVAPMEA.CheckProductDetail"/>
  <testcase name="CheckFABImage" time="1.694" classname="test.testcases.ApolloPVAPMEA.CheckProductDetail">
    <failure type="java.lang.NullPointerException">
      <![CDATA[java.lang.NullPointerException
	at com.nashtech.core.web.WebDriverMethod.verifyEqual(WebDriverMethod.java:1381)
	at test.page.objects.PVDetailsPage.verifyFABImg(PVDetailsPage.java:274)
	at test.testcases.ApolloPVAPMEA.CheckProductDetail.CheckFABImage(CheckProductDetail.java:75)
	at sun.reflect.NativeMethodAccessorImpl.invoke0(Native Method)
	at sun.reflect.NativeMethodAccessorImpl.invoke(Unknown Source)
	at sun.reflect.DelegatingMethodAccessorImpl.invoke(Unknown Source)
	at java.lang.reflect.Method.invoke(Unknown Source)
	at org.testng.internal.MethodInvocationHelper.invokeMethod(MethodInvocationHelper.java:84)
	at org.testng.internal.Invoker.invokeMethod(Invoker.java:714)
	at org.testng.internal.Invoker.invokeTestMethod(Invoker.java:901)
	at org.testng.internal.Invoker.invokeTestMethods(Invoker.java:1231)
	at org.testng.internal.TestMethodWorker.invokeTestMethods(TestMethodWorker.java:127)
	at org.testng.internal.TestMethodWorker.run(TestMethodWorker.java:111)
	at org.testng.TestRunner.privateRun(TestRunner.java:767)
	at org.testng.TestRunner.run(TestRunner.java:617)
	at org.testng.SuiteRunner.runTest(SuiteRunner.java:334)
	at org.testng.SuiteRunner.runSequentially(SuiteRunner.java:329)
	at org.testng.SuiteRunner.privateRun(SuiteRunner.java:291)
	at org.testng.SuiteRunner.run(SuiteRunner.java:240)
	at org.testng.SuiteRunnerWorker.runSuite(SuiteRunnerWorker.java:52)
	at org.testng.SuiteRunnerWorker.run(SuiteRunnerWorker.java:86)
	at org.testng.TestNG.runSuitesSequentially(TestNG.java:1224)
	at org.testng.TestNG.runSuitesLocally(TestNG.java:1149)
	at org.testng.TestNG.run(TestNG.java:1057)
	at org.testng.remote.AbstractRemoteTestNG.run(AbstractRemoteTestNG.java:114)
	at org.testng.remote.RemoteTestNG.initAndRun(RemoteTestNG.java:251)
	at org.testng.remote.RemoteTestNG.main(RemoteTestNG.java:77)
]]>
    </failure>
  </testcase> <!-- CheckFABImage -->
  <testcase name="inputEmailAndShare" time="43.643" classname="test.testcases.ApolloPVAPMEA.CheckProductDetail">
    <failure type="java.lang.Exception" message="Element is not displayed!">
      <![CDATA[java.lang.Exception: Element is not displayed!
	at test.page.objects.PVDetailsPage.shareViaEmail(PVDetailsPage.java:487)
	at test.testcases.ApolloPVAPMEA.CheckProductDetail.inputEmailAndShare(CheckProductDetail.java:140)
	at sun.reflect.NativeMethodAccessorImpl.invoke0(Native Method)
	at sun.reflect.NativeMethodAccessorImpl.invoke(Unknown Source)
	at sun.reflect.DelegatingMethodAccessorImpl.invoke(Unknown Source)
	at java.lang.reflect.Method.invoke(Unknown Source)
	at org.testng.internal.MethodInvocationHelper.invokeMethod(MethodInvocationHelper.java:84)
	at org.testng.internal.Invoker.invokeMethod(Invoker.java:714)
	at org.testng.internal.Invoker.invokeTestMethod(Invoker.java:901)
	at org.testng.internal.Invoker.invokeTestMethods(Invoker.java:1231)
	at org.testng.internal.TestMethodWorker.invokeTestMethods(TestMethodWorker.java:127)
	at org.testng.internal.TestMethodWorker.run(TestMethodWorker.java:111)
	at org.testng.TestRunner.privateRun(TestRunner.java:767)
	at org.testng.TestRunner.run(TestRunner.java:617)
	at org.testng.SuiteRunner.runTest(SuiteRunner.java:334)
	at org.testng.SuiteRunner.runSequentially(SuiteRunner.java:329)
	at org.testng.SuiteRunner.privateRun(SuiteRunner.java:291)
	at org.testng.SuiteRunner.run(SuiteRunner.java:240)
	at org.testng.SuiteRunnerWorker.runSuite(SuiteRunnerWorker.java:52)
	at org.testng.SuiteRunnerWorker.run(SuiteRunnerWorker.java:86)
	at org.testng.TestNG.runSuitesSequentially(TestNG.java:1224)
	at org.testng.TestNG.runSuitesLocally(TestNG.java:1149)
	at org.testng.TestNG.run(TestNG.java:1057)
	at org.testng.remote.AbstractRemoteTestNG.run(AbstractRemoteTestNG.java:114)
	at org.testng.remote.RemoteTestNG.initAndRun(RemoteTestNG.java:251)
	at org.testng.remote.RemoteTestNG.main(RemoteTestNG.java:77)
]]>
    </failure>
  </testcase> <!-- inputEmailAndShare -->
  <testcase name="OpenRimSizeDDL" time="0.292" classname="test.testcases.ApolloPVAPMEA.CheckProductDetail"/>
  <testcase name="backToTop" time="0.284" classname="test.testcases.ApolloPVAPMEA.CheckProductDetail"/>
  <testcase name="closeShareLink" time="0.896" classname="test.testcases.ApolloPVAPMEA.CheckProductDetail"/>
  <testcase name="OpenProdDetailPage" time="97.967" classname="test.testcases.ApolloPVAPMEA.CheckProductDetail"/>
  <testcase name="dragToTheEnd" time="0.325" classname="test.testcases.ApolloPVAPMEA.CheckProductDetail"/>
  <testcase name="goToFeature" time="0.436" classname="test.testcases.ApolloPVAPMEA.CheckProductDetail"/>
  <testcase name="loginTwitterAndShare" time="6.941" classname="test.testcases.ApolloPVAPMEA.CheckProductDetail">
    <error type="java.lang.AssertionError" message="expected [ http://52.57.94.156:88/car-suv-van/tyre-finder/tyres/product/3/860] but found [http://52.57.94.156:88/car-suv-van/tyre-finder/tyres/product/3/860]">
      <![CDATA[java.lang.AssertionError: expected [ http://52.57.94.156:88/car-suv-van/tyre-finder/tyres/product/3/860] but found [http://52.57.94.156:88/car-suv-van/tyre-finder/tyres/product/3/860]
	at org.testng.Assert.fail(Assert.java:94)
	at org.testng.Assert.failNotEquals(Assert.java:494)
	at org.testng.Assert.assertEquals(Assert.java:123)
	at org.testng.Assert.assertEquals(Assert.java:165)
	at com.nashtech.core.web.WebDriverMethod.verifyEqual(WebDriverMethod.java:1367)
	at test.page.objects.PVDetailsPage.shareViaTwitter(PVDetailsPage.java:456)
	at test.testcases.ApolloPVAPMEA.CheckProductDetail.loginTwitterAndShare(CheckProductDetail.java:134)
	at sun.reflect.NativeMethodAccessorImpl.invoke0(Native Method)
	at sun.reflect.NativeMethodAccessorImpl.invoke(Unknown Source)
	at sun.reflect.DelegatingMethodAccessorImpl.invoke(Unknown Source)
	at java.lang.reflect.Method.invoke(Unknown Source)
	at org.testng.internal.MethodInvocationHelper.invokeMethod(MethodInvocationHelper.java:84)
	at org.testng.internal.Invoker.invokeMethod(Invoker.java:714)
	at org.testng.internal.Invoker.invokeTestMethod(Invoker.java:901)
	at org.testng.internal.Invoker.invokeTestMethods(Invoker.java:1231)
	at org.testng.internal.TestMethodWorker.invokeTestMethods(TestMethodWorker.java:127)
	at org.testng.internal.TestMethodWorker.run(TestMethodWorker.java:111)
	at org.testng.TestRunner.privateRun(TestRunner.java:767)
	at org.testng.TestRunner.run(TestRunner.java:617)
	at org.testng.SuiteRunner.runTest(SuiteRunner.java:334)
	at org.testng.SuiteRunner.runSequentially(SuiteRunner.java:329)
	at org.testng.SuiteRunner.privateRun(SuiteRunner.java:291)
	at org.testng.SuiteRunner.run(SuiteRunner.java:240)
	at org.testng.SuiteRunnerWorker.runSuite(SuiteRunnerWorker.java:52)
	at org.testng.SuiteRunnerWorker.run(SuiteRunnerWorker.java:86)
	at org.testng.TestNG.runSuitesSequentially(TestNG.java:1224)
	at org.testng.TestNG.runSuitesLocally(TestNG.java:1149)
	at org.testng.TestNG.run(TestNG.java:1057)
	at org.testng.remote.AbstractRemoteTestNG.run(AbstractRemoteTestNG.java:114)
	at org.testng.remote.RemoteTestNG.initAndRun(RemoteTestNG.java:251)
	at org.testng.remote.RemoteTestNG.main(RemoteTestNG.java:77)
]]>
    </error>
  </testcase> <!-- loginTwitterAndShare -->
  <testcase name="CheckRimSizeDDL" time="3.078" classname="test.testcases.ApolloPVAPMEA.CheckProductDetail"/>
  <testcase name="CheckProdTagTextBenefitsFeatures" time="6.360" classname="test.testcases.ApolloPVAPMEA.CheckProductDetail"/>
</testsuite> <!-- test.testcases.ApolloPVAPMEA.CheckProductDetail -->
